userInput addr: 0x7222881fc7c6
updateCurrentState addr: 0x7222881fc896
isGameOver addr: 0x7222881fca63
FSM: action=0, current_state=0
FSM: INIT -> RUNNING
FSM: final_state=1
userInput: action=0, hold=0
userInput: backend_status=0
backend_update_physics: called
backend_update_physics: piece moved down
userInput addr: 0x789da3b3849a
updateCurrentState addr: 0x789da3b384ec
isGameOver addr: 0x789da3b38601
userInput addr: 0x775bc826e49a
updateCurrentState addr: 0x775bc826e4ec
isGameOver addr: 0x775bc826e601
userInput addr: 0x729044c038f9
updateCurrentState addr: 0x729044c03928
isGameOver addr: 0x729044c03a15
GetGameInfo field_ state:
0000000000
0000000000
0000000000
0000000000
0000000000
0000000000
0000000000
0000000000
0000000000
0000000000
0000000000
0000000000
0000000000
0000000000
0000000000
0000000000
0000000000
0000000000
0000000000
0000000000
---
GetGameInfo field_ state:
0000000000
0000000000
0000000000
0000000000
0000000000
0000000000
0000000000
0000000000
0000000000
0000000000
0000000000
0000000000
0000000000
0000000000
0000000000
0000000000
0000000000
0000000000
0000000000
0000000000
---
Move: old head=(6,10) dir=3
Move: new head=(7,10)
Move: collision=0
Move: tail removed=(3,10)
GetGameInfo field_ state:
0000000000
0000000000
0000000000
0000000000
0000000000
0000000000
0000000000
0000000000
0000000000
0000000000
0000111100
0000000000
0000000000
2000000000
0000000000
0000000000
0000000000
0000000000
0000000000
0000000000
---
Move: old head=(7,10) dir=3
Move: new head=(8,10)
Move: collision=0
Move: tail removed=(4,10)
GetGameInfo field_ state:
0000000000
0000000000
0000000000
0000000000
0000000000
0000000000
0000000000
0000000000
0000000000
0000000000
0000011110
0000000000
0000000000
2000000000
0000000000
0000000000
0000000000
0000000000
0000000000
0000000000
---
Move: old head=(8,10) dir=3
Move: new head=(9,10)
Move: collision=0
Move: tail removed=(5,10)
GetGameInfo field_ state:
0000000000
0000000000
0000000000
0000000000
0000000000
0000000000
0000000000
0000000000
0000000000
0000000000
0000001111
0000000000
0000000000
2000000000
0000000000
0000000000
0000000000
0000000000
0000000000
0000000000
---
Move: old head=(9,10) dir=3
Move: new head=(10,10)
Move: collision=1
Move: GAME OVER!
GetGameInfo field_ state:
0000000000
0000000000
0000000000
0000000000
0000000000
0000000000
0000000000
0000000000
0000000000
0000000000
0000001111
0000000000
0000000000
2000000000
0000000000
0000000000
0000000000
0000000000
0000000000
0000000000
---
GetGameInfo field_ state:
0000000000
0000000000
0000000000
0000000000
0000000000
0000000000
0000000000
0000000000
0000000000
0000000000
0000001111
0000000000
0000000000
2000000000
0000000000
0000000000
0000000000
0000000000
0000000000
0000000000
---
GetGameInfo field_ state:
0000000000
0000000000
0000000000
0000000000
0000000000
0000000000
0000000000
0000000000
0000000000
0000000000
0000001111
0000000000
0000000000
2000000000
0000000000
0000000000
0000000000
0000000000
0000000000
0000000000
---
GetGameInfo field_ state:
0000000000
0000000000
0000000000
0000000000
0000000000
0000000000
0000000000
0000000000
0000000000
0000000000
0000001111
0000000000
0000000000
2000000000
0000000000
0000000000
0000000000
0000000000
0000000000
0000000000
---
GetGameInfo field_ state:
0000000000
0000000000
0000000000
0000000000
0000000000
0000000000
0000000000
0000000000
0000000000
0000000000
0000001111
0000000000
0000000000
2000000000
0000000000
0000000000
0000000000
0000000000
0000000000
0000000000
---
GetGameInfo field_ state:
0000000000
0000000000
0000000000
0000000000
0000000000
0000000000
0000000000
0000000000
0000000000
0000000000
0000001111
0000000000
0000000000
2000000000
0000000000
0000000000
0000000000
0000000000
0000000000
0000000000
---
GetGameInfo field_ state:
0000000000
0000000000
0000000000
0000000000
0000000000
0000000000
0000000000
0000000000
0000000000
0000000000
0000001111
0000000000
0000000000
2000000000
0000000000
0000000000
0000000000
0000000000
0000000000
0000000000
---
GetGameInfo field_ state:
0000000000
0000000000
0000000000
0000000000
0000000000
0000000000
0000000000
0000000000
0000000000
0000000000
0000001111
0000000000
0000000000
2000000000
0000000000
0000000000
0000000000
0000000000
0000000000
0000000000
---
GetGameInfo field_ state:
0000000000
0000000000
0000000000
0000000000
0000000000
0000000000
0000000000
0000000000
0000000000
0000000000
0000001111
0000000000
0000000000
2000000000
0000000000
0000000000
0000000000
0000000000
0000000000
0000000000
---
GetGameInfo field_ state:
0000000000
0000000000
0000000000
0000000000
0000000000
0000000000
0000000000
0000000000
0000000000
0000000000
0000001111
0000000000
0000000000
2000000000
0000000000
0000000000
0000000000
0000000000
0000000000
0000000000
---
GetGameInfo field_ state:
0000000000
0000000000
0000000000
0000000000
0000000000
0000000000
0000000000
0000000000
0000000000
0000000000
0000001111
0000000000
0000000000
2000000000
0000000000
0000000000
0000000000
0000000000
0000000000
0000000000
---
GetGameInfo field_ state:
0000000000
0000000000
0000000000
0000000000
0000000000
0000000000
0000000000
0000000000
0000000000
0000000000
0000001111
0000000000
0000000000
2000000000
0000000000
0000000000
0000000000
0000000000
0000000000
0000000000
---
GetGameInfo field_ state:
0000000000
0000000000
0000000000
0000000000
0000000000
0000000000
0000000000
0000000000
0000000000
0000000000
0000001111
0000000000
0000000000
2000000000
0000000000
0000000000
0000000000
0000000000
0000000000
0000000000
---
GetGameInfo field_ state:
0000000000
0000000000
0000000000
0000000000
0000000000
0000000000
0000000000
0000000000
0000000000
0000000000
0000001111
0000000000
0000000000
2000000000
0000000000
0000000000
0000000000
0000000000
0000000000
0000000000
---
GetGameInfo field_ state:
0000000000
0000000000
0000000000
0000000000
0000000000
0000000000
0000000000
0000000000
0000000000
0000000000
0000001111
0000000000
0000000000
2000000000
0000000000
0000000000
0000000000
0000000000
0000000000
0000000000
---
GetGameInfo field_ state:
0000000000
0000000000
0000000000
0000000000
0000000000
0000000000
0000000000
0000000000
0000000000
0000000000
0000001111
0000000000
0000000000
2000000000
0000000000
0000000000
0000000000
0000000000
0000000000
0000000000
---
GetGameInfo field_ state:
0000000000
0000000000
0000000000
0000000000
0000000000
0000000000
0000000000
0000000000
0000000000
0000000000
0000001111
0000000000
0000000000
2000000000
0000000000
0000000000
0000000000
0000000000
0000000000
0000000000
---
GetGameInfo field_ state:
0000000000
0000000000
0000000000
0000000000
0000000000
0000000000
0000000000
0000000000
0000000000
0000000000
0000001111
0000000000
0000000000
2000000000
0000000000
0000000000
0000000000
0000000000
0000000000
0000000000
---
GetGameInfo field_ state:
0000000000
0000000000
0000000000
0000000000
0000000000
0000000000
0000000000
0000000000
0000000000
0000000000
0000001111
0000000000
0000000000
2000000000
0000000000
0000000000
0000000000
0000000000
0000000000
0000000000
---
GetGameInfo field_ state:
0000000000
0000000000
0000000000
0000000000
0000000000
0000000000
0000000000
0000000000
0000000000
0000000000
0000001111
0000000000
0000000000
2000000000
0000000000
0000000000
0000000000
0000000000
0000000000
0000000000
---
GetGameInfo field_ state:
0000000000
0000000000
0000000000
0000000000
0000000000
0000000000
0000000000
0000000000
0000000000
0000000000
0000001111
0000000000
0000000000
2000000000
0000000000
0000000000
0000000000
0000000000
0000000000
0000000000
---
GetGameInfo field_ state:
0000000000
0000000000
0000000000
0000000000
0000000000
0000000000
0000000000
0000000000
0000000000
0000000000
0000001111
0000000000
0000000000
2000000000
0000000000
0000000000
0000000000
0000000000
0000000000
0000000000
---
GetGameInfo field_ state:
0000000000
0000000000
0000000000
0000000000
0000000000
0000000000
0000000000
0000000000
0000000000
0000000000
0000001111
0000000000
0000000000
2000000000
0000000000
0000000000
0000000000
0000000000
0000000000
0000000000
---
GetGameInfo field_ state:
0000000000
0000000000
0000000000
0000000000
0000000000
0000000000
0000000000
0000000000
0000000000
0000000000
0000001111
0000000000
0000000000
2000000000
0000000000
0000000000
0000000000
0000000000
0000000000
0000000000
---
GetGameInfo field_ state:
0000000000
0000000000
0000000000
0000000000
0000000000
0000000000
0000000000
0000000000
0000000000
0000000000
0000001111
0000000000
0000000000
2000000000
0000000000
0000000000
0000000000
0000000000
0000000000
0000000000
---
GetGameInfo field_ state:
0000000000
0000000000
0000000000
0000000000
0000000000
0000000000
0000000000
0000000000
0000000000
0000000000
0000001111
0000000000
0000000000
2000000000
0000000000
0000000000
0000000000
0000000000
0000000000
0000000000
---
GetGameInfo field_ state:
0000000000
0000000000
0000000000
0000000000
0000000000
0000000000
0000000000
0000000000
0000000000
0000000000
0000001111
0000000000
0000000000
2000000000
0000000000
0000000000
0000000000
0000000000
0000000000
0000000000
---
GetGameInfo field_ state:
0000000000
0000000000
0000000000
0000000000
0000000000
0000000000
0000000000
0000000000
0000000000
0000000000
0000001111
0000000000
0000000000
2000000000
0000000000
0000000000
0000000000
0000000000
0000000000
0000000000
---
GetGameInfo field_ state:
0000000000
0000000000
0000000000
0000000000
0000000000
0000000000
0000000000
0000000000
0000000000
0000000000
0000001111
0000000000
0000000000
2000000000
0000000000
0000000000
0000000000
0000000000
0000000000
0000000000
---
GetGameInfo field_ state:
0000000000
0000000000
0000000000
0000000000
0000000000
0000000000
0000000000
0000000000
0000000000
0000000000
0000001111
0000000000
0000000000
2000000000
0000000000
0000000000
0000000000
0000000000
0000000000
0000000000
---
GetGameInfo field_ state:
0000000000
0000000000
0000000000
0000000000
0000000000
0000000000
0000000000
0000000000
0000000000
0000000000
0000001111
0000000000
0000000000
2000000000
0000000000
0000000000
0000000000
0000000000
0000000000
0000000000
---
GetGameInfo field_ state:
0000000000
0000000000
0000000000
0000000000
0000000000
0000000000
0000000000
0000000000
0000000000
0000000000
0000001111
0000000000
0000000000
2000000000
0000000000
0000000000
0000000000
0000000000
0000000000
0000000000
---
GetGameInfo field_ state:
0000000000
0000000000
0000000000
0000000000
0000000000
0000000000
0000000000
0000000000
0000000000
0000000000
0000001111
0000000000
0000000000
2000000000
0000000000
0000000000
0000000000
0000000000
0000000000
0000000000
---
GetGameInfo field_ state:
0000000000
0000000000
0000000000
0000000000
0000000000
0000000000
0000000000
0000000000
0000000000
0000000000
0000001111
0000000000
0000000000
2000000000
0000000000
0000000000
0000000000
0000000000
0000000000
0000000000
---
GetGameInfo field_ state:
0000000000
0000000000
0000000000
0000000000
0000000000
0000000000
0000000000
0000000000
0000000000
0000000000
0000001111
0000000000
0000000000
2000000000
0000000000
0000000000
0000000000
0000000000
0000000000
0000000000
---
GetGameInfo field_ state:
0000000000
0000000000
0000000000
0000000000
0000000000
0000000000
0000000000
0000000000
0000000000
0000000000
0000001111
0000000000
0000000000
2000000000
0000000000
0000000000
0000000000
0000000000
0000000000
0000000000
---
GetGameInfo field_ state:
0000000000
0000000000
0000000000
0000000000
0000000000
0000000000
0000000000
0000000000
0000000000
0000000000
0000001111
0000000000
0000000000
2000000000
0000000000
0000000000
0000000000
0000000000
0000000000
0000000000
---
GetGameInfo field_ state:
0000000000
0000000000
0000000000
0000000000
0000000000
0000000000
0000000000
0000000000
0000000000
0000000000
0000001111
0000000000
0000000000
2000000000
0000000000
0000000000
0000000000
0000000000
0000000000
0000000000
---
GetGameInfo field_ state:
0000000000
0000000000
0000000000
0000000000
0000000000
0000000000
0000000000
0000000000
0000000000
0000000000
0000001111
0000000000
0000000000
2000000000
0000000000
0000000000
0000000000
0000000000
0000000000
0000000000
---
GetGameInfo field_ state:
0000000000
0000000000
0000000000
0000000000
0000000000
0000000000
0000000000
0000000000
0000000000
0000000000
0000001111
0000000000
0000000000
2000000000
0000000000
0000000000
0000000000
0000000000
0000000000
0000000000
---
GetGameInfo field_ state:
0000000000
0000000000
0000000000
0000000000
0000000000
0000000000
0000000000
0000000000
0000000000
0000000000
0000001111
0000000000
0000000000
2000000000
0000000000
0000000000
0000000000
0000000000
0000000000
0000000000
---
GetGameInfo field_ state:
0000000000
0000000000
0000000000
0000000000
0000000000
0000000000
0000000000
0000000000
0000000000
0000000000
0000001111
0000000000
0000000000
2000000000
0000000000
0000000000
0000000000
0000000000
0000000000
0000000000
---
GetGameInfo field_ state:
0000000000
0000000000
0000000000
0000000000
0000000000
0000000000
0000000000
0000000000
0000000000
0000000000
0000001111
0000000000
0000000000
2000000000
0000000000
0000000000
0000000000
0000000000
0000000000
0000000000
---
GetGameInfo field_ state:
0000000000
0000000000
0000000000
0000000000
0000000000
0000000000
0000000000
0000000000
0000000000
0000000000
0000001111
0000000000
0000000000
2000000000
0000000000
0000000000
0000000000
0000000000
0000000000
0000000000
---
GetGameInfo field_ state:
0000000000
0000000000
0000000000
0000000000
0000000000
0000000000
0000000000
0000000000
0000000000
0000000000
0000001111
0000000000
0000000000
2000000000
0000000000
0000000000
0000000000
0000000000
0000000000
0000000000
---
GetGameInfo field_ state:
0000000000
0000000000
0000000000
0000000000
0000000000
0000000000
0000000000
0000000000
0000000000
0000000000
0000001111
0000000000
0000000000
2000000000
0000000000
0000000000
0000000000
0000000000
0000000000
0000000000
---
GetGameInfo field_ state:
0000000000
0000000000
0000000000
0000000000
0000000000
0000000000
0000000000
0000000000
0000000000
0000000000
0000001111
0000000000
0000000000
2000000000
0000000000
0000000000
0000000000
0000000000
0000000000
0000000000
---
GetGameInfo field_ state:
0000000000
0000000000
0000000000
0000000000
0000000000
0000000000
0000000000
0000000000
0000000000
0000000000
0000001111
0000000000
0000000000
2000000000
0000000000
0000000000
0000000000
0000000000
0000000000
0000000000
---
GetGameInfo field_ state:
0000000000
0000000000
0000000000
0000000000
0000000000
0000000000
0000000000
0000000000
0000000000
0000000000
0000001111
0000000000
0000000000
2000000000
0000000000
0000000000
0000000000
0000000000
0000000000
0000000000
---
GetGameInfo field_ state:
0000000000
0000000000
0000000000
0000000000
0000000000
0000000000
0000000000
0000000000
0000000000
0000000000
0000001111
0000000000
0000000000
2000000000
0000000000
0000000000
0000000000
0000000000
0000000000
0000000000
---
GetGameInfo field_ state:
0000000000
0000000000
0000000000
0000000000
0000000000
0000000000
0000000000
0000000000
0000000000
0000000000
0000001111
0000000000
0000000000
2000000000
0000000000
0000000000
0000000000
0000000000
0000000000
0000000000
---
GetGameInfo field_ state:
0000000000
0000000000
0000000000
0000000000
0000000000
0000000000
0000000000
0000000000
0000000000
0000000000
0000001111
0000000000
0000000000
2000000000
0000000000
0000000000
0000000000
0000000000
0000000000
0000000000
---
userInput addr: 0x7e13e62c449a
updateCurrentState addr: 0x7e13e62c44ec
isGameOver addr: 0x7e13e62c4601
userInput addr: 0x753f519c449a
updateCurrentState addr: 0x753f519c44ec
isGameOver addr: 0x753f519c4601
userInput addr: 0x7053484778f9
updateCurrentState addr: 0x705348477928
isGameOver addr: 0x705348477a15
GetGameInfo field_ state:
0000000000
0000000000
0000000000
0000000000
0000000000
0000000000
0000000000
0000000000
0000000000
0000000000
0000000000
0000000000
0000000000
0000000000
0000000000
0000000000
0000000000
0000000000
0000000000
0000000000
---
GetGameInfo field_ state:
0000000000
0000000000
0000000000
0000000000
0000000000
0000000000
0000000000
0000000000
0000000000
0000000000
0000000000
0000000000
0000000000
0000000000
0000000000
0000000000
0000000000
0000000000
0000000000
0000000000
---
GetGameInfo field_ state:
0000000000
0000000000
0000000000
0000000000
0000000000
0000000000
0000000000
0000000000
0000000000
0000000000
0000000000
0000000000
0000000000
0000000000
0000000000
0000000000
0000000000
0000000000
0000000000
0000000000
---
Move: old head=(6,10) dir=3
Move: new head=(7,10)
Move: collision=0
Move: tail removed=(3,10)
GetGameInfo field_ state:
0000000000
0000000000
0000000000
0000000000
0000000000
0000000000
0000000000
0000000000
0000000000
0000000000
0000111100
0000000000
0000000000
0000000000
0000000000
0000000000
2000000000
0000000000
0000000000
0000000000
---
Move: old head=(7,10) dir=3
Move: new head=(8,10)
Move: collision=0
Move: tail removed=(4,10)
GetGameInfo field_ state:
0000000000
0000000000
0000000000
0000000000
0000000000
0000000000
0000000000
0000000000
0000000000
0000000000
0000011110
0000000000
0000000000
0000000000
0000000000
0000000000
2000000000
0000000000
0000000000
0000000000
---
Move: old head=(8,10) dir=3
Move: new head=(9,10)
Move: collision=0
Move: tail removed=(5,10)
GetGameInfo field_ state:
0000000000
0000000000
0000000000
0000000000
0000000000
0000000000
0000000000
0000000000
0000000000
0000000000
0000001111
0000000000
0000000000
0000000000
0000000000
0000000000
2000000000
0000000000
0000000000
0000000000
---
Move: old head=(9,10) dir=3
Move: new head=(10,10)
Move: collision=1
Move: GAME OVER!
GetGameInfo field_ state:
0000000000
0000000000
0000000000
0000000000
0000000000
0000000000
0000000000
0000000000
0000000000
0000000000
0000001111
0000000000
0000000000
0000000000
0000000000
0000000000
2000000000
0000000000
0000000000
0000000000
---
GetGameInfo field_ state:
0000000000
0000000000
0000000000
0000000000
0000000000
0000000000
0000000000
0000000000
0000000000
0000000000
0000001111
0000000000
0000000000
0000000000
0000000000
0000000000
2000000000
0000000000
0000000000
0000000000
---
GetGameInfo field_ state:
0000000000
0000000000
0000000000
0000000000
0000000000
0000000000
0000000000
0000000000
0000000000
0000000000
0000001111
0000000000
0000000000
0000000000
0000000000
0000000000
2000000000
0000000000
0000000000
0000000000
---
Move: old head=(6,10) dir=3
Move: new head=(7,10)
Move: collision=0
Move: tail removed=(3,10)
GetGameInfo field_ state:
0000000000
0000000000
0000000000
0000000000
0000000000
0000000000
0000000000
0000002000
0000000000
0000000000
0000111100
0000000000
0000000000
0000000000
0000000000
0000000000
0000000000
0000000000
0000000000
0000000000
---
Move: old head=(7,10) dir=3
Move: new head=(8,10)
Move: collision=0
Move: tail removed=(4,10)
GetGameInfo field_ state:
0000000000
0000000000
0000000000
0000000000
0000000000
0000000000
0000000000
0000002000
0000000000
0000000000
0000011110
0000000000
0000000000
0000000000
0000000000
0000000000
0000000000
0000000000
0000000000
0000000000
---
Move: old head=(8,10) dir=3
Move: new head=(9,10)
Move: collision=0
Move: tail removed=(5,10)
GetGameInfo field_ state:
0000000000
0000000000
0000000000
0000000000
0000000000
0000000000
0000000000
0000002000
0000000000
0000000000
0000001111
0000000000
0000000000
0000000000
0000000000
0000000000
0000000000
0000000000
0000000000
0000000000
---
Move: old head=(9,10) dir=3
Move: new head=(10,10)
Move: collision=1
Move: GAME OVER!
GetGameInfo field_ state:
0000000000
0000000000
0000000000
0000000000
0000000000
0000000000
0000000000
0000002000
0000000000
0000000000
0000001111
0000000000
0000000000
0000000000
0000000000
0000000000
0000000000
0000000000
0000000000
0000000000
---
GetGameInfo field_ state:
0000000000
0000000000
0000000000
0000000000
0000000000
0000000000
0000000000
0000002000
0000000000
0000000000
0000001111
0000000000
0000000000
0000000000
0000000000
0000000000
0000000000
0000000000
0000000000
0000000000
---
userInput addr: 0x7a85246c1bb9
updateCurrentState addr: 0x7a85246c1be8
isGameOver addr: 0x7a85246c1cd5
GetGameInfo field_ state:
0000000000
0000000000
0000000000
0000000000
0000000000
0000000000
0000000000
0000000000
0000000000
0000000000
0000000000
0000000000
0000000000
0000000000
0000000000
0000000000
0000000000
0000000000
0000000000
0000000000
---
GetGameInfo field_ state:
0000000000
0000000000
0000000000
0000000000
0000000000
0000000000
0000000000
0000000000
0000000000
0000000000
0000000000
0000000000
0000000000
0000000000
0000000000
0000000000
0000000000
0000000000
0000000000
0000000000
---
Move: old head=(6,10) dir=3
Move: new head=(7,10)
Move: collision=0
Move: tail removed=(3,10)
GetGameInfo field_ state:
0000000000
0000000000
0000000000
0000000000
0000000000
0000000000
0000000000
0000000000
0000000000
0000000000
0000111100
0000000000
0000000000
0000000000
0000000000
0000000000
0000000000
0000000020
0000000000
0000000000
---
Move: old head=(7,10) dir=3
Move: new head=(8,10)
Move: collision=0
Move: tail removed=(4,10)
GetGameInfo field_ state:
0000000000
0000000000
0000000000
0000000000
0000000000
0000000000
0000000000
0000000000
0000000000
0000000000
0000011110
0000000000
0000000000
0000000000
0000000000
0000000000
0000000000
0000000020
0000000000
0000000000
---
Move: old head=(8,10) dir=1
Move: new head=(8,11)
Move: collision=0
Move: tail removed=(5,10)
GetGameInfo field_ state:
0000000000
0000000000
0000000000
0000000000
0000000000
0000000000
0000000000
0000000000
0000000000
0000000000
0000001110
0000000010
0000000000
0000000000
0000000000
0000000000
0000000000
0000000020
0000000000
0000000000
---
Move: old head=(8,11) dir=1
Move: new head=(8,12)
Move: collision=0
Move: tail removed=(6,10)
GetGameInfo field_ state:
0000000000
0000000000
0000000000
0000000000
0000000000
0000000000
0000000000
0000000000
0000000000
0000000000
0000000110
0000000010
0000000010
0000000000
0000000000
0000000000
0000000000
0000000020
0000000000
0000000000
---
Move: old head=(8,12) dir=1
Move: new head=(8,13)
Move: collision=0
Move: tail removed=(7,10)
GetGameInfo field_ state:
0000000000
0000000000
0000000000
0000000000
0000000000
0000000000
0000000000
0000000000
0000000000
0000000000
0000000010
0000000010
0000000010
0000000010
0000000000
0000000000
0000000000
0000000020
0000000000
0000000000
---
Move: old head=(8,13) dir=1
Move: new head=(8,14)
Move: collision=0
Move: tail removed=(8,10)
GetGameInfo field_ state:
0000000000
0000000000
0000000000
0000000000
0000000000
0000000000
0000000000
0000000000
0000000000
0000000000
0000000000
0000000010
0000000010
0000000010
0000000010
0000000000
0000000000
0000000020
0000000000
0000000000
---
Move: old head=(8,14) dir=1
Move: new head=(8,15)
Move: collision=0
Move: tail removed=(8,11)
GetGameInfo field_ state:
0000000000
0000000000
0000000000
0000000000
0000000000
0000000000
0000000000
0000000000
0000000000
0000000000
0000000000
0000000000
0000000010
0000000010
0000000010
0000000010
0000000000
0000000020
0000000000
0000000000
---
Move: old head=(8,15) dir=1
Move: new head=(8,16)
Move: collision=0
Move: tail removed=(8,12)
GetGameInfo field_ state:
0000000000
0000000000
0000000000
0000000000
0000000000
0000000000
0000000000
0000000000
0000000000
0000000000
0000000000
0000000000
0000000000
0000000010
0000000010
0000000010
0000000010
0000000020
0000000000
0000000000
---
GetGameInfo field_ state:
0000000000
0000000000
0000000000
0000000000
0000000000
0000000000
0000000000
0000000000
0000000000
0000000000
0000000000
0000000000
0000000000
0000000010
0000000010
0000000010
0000000010
0000000010
2000000000
0000000000
---
Move: old head=(8,17) dir=2
Move: new head=(7,17)
Move: collision=0
Move: tail removed=(8,13)
GetGameInfo field_ state:
0000000000
0000000000
0000000000
0000000000
0000000000
0000000000
0000000000
0000000000
0000000000
0000000000
0000000000
0000000000
0000000000
0000000000
0000000010
0000000010
0000000010
0000000110
2000000000
0000000000
---
Move: old head=(7,17) dir=2
Move: new head=(6,17)
Move: collision=0
Move: tail removed=(8,14)
GetGameInfo field_ state:
0000000000
0000000000
0000000000
0000000000
0000000000
0000000000
0000000000
0000000000
0000000000
0000000000
0000000000
0000000000
0000000000
0000000000
0000000000
0000000010
0000000010
0000001110
2000000000
0000000000
---
Move: old head=(6,17) dir=2
Move: new head=(5,17)
Move: collision=0
Move: tail removed=(8,15)
GetGameInfo field_ state:
0000000000
0000000000
0000000000
0000000000
0000000000
0000000000
0000000000
0000000000
0000000000
0000000000
0000000000
0000000000
0000000000
0000000000
0000000000
0000000000
0000000010
0000011110
2000000000
0000000000
---
Move: old head=(5,17) dir=2
Move: new head=(4,17)
Move: collision=0
Move: tail removed=(8,16)
GetGameInfo field_ state:
0000000000
0000000000
0000000000
0000000000
0000000000
0000000000
0000000000
0000000000
0000000000
0000000000
0000000000
0000000000
0000000000
0000000000
0000000000
0000000000
0000000000
0000111110
2000000000
0000000000
---
Move: old head=(4,17) dir=2
Move: new head=(3,17)
Move: collision=0
Move: tail removed=(8,17)
GetGameInfo field_ state:
0000000000
0000000000
0000000000
0000000000
0000000000
0000000000
0000000000
0000000000
0000000000
0000000000
0000000000
0000000000
0000000000
0000000000
0000000000
0000000000
0000000000
0001111100
2000000000
0000000000
---
Move: old head=(3,17) dir=2
Move: new head=(2,17)
Move: collision=0
Move: tail removed=(7,17)
GetGameInfo field_ state:
0000000000
0000000000
0000000000
0000000000
0000000000
0000000000
0000000000
0000000000
0000000000
0000000000
0000000000
0000000000
0000000000
0000000000
0000000000
0000000000
0000000000
0011111000
2000000000
0000000000
---
Move: old head=(2,17) dir=2
Move: new head=(1,17)
Move: collision=0
Move: tail removed=(6,17)
GetGameInfo field_ state:
0000000000
0000000000
0000000000
0000000000
0000000000
0000000000
0000000000
0000000000
0000000000
0000000000
0000000000
0000000000
0000000000
0000000000
0000000000
0000000000
0000000000
0111110000
2000000000
0000000000
---
Move: old head=(1,17) dir=2
Move: new head=(0,17)
Move: collision=0
Move: tail removed=(5,17)
GetGameInfo field_ state:
0000000000
0000000000
0000000000
0000000000
0000000000
0000000000
0000000000
0000000000
0000000000
0000000000
0000000000
0000000000
0000000000
0000000000
0000000000
0000000000
0000000000
1111100000
2000000000
0000000000
---
GetGameInfo field_ state:
0000000000
0000000000
0000000000
0000000000
0000000000
0000000000
0000000000
0000000000
0000000000
0000000000
0000000000
0000000000
0000000000
0000000000
0000000000
0000000000
0000000000
1111100200
1000000000
0000000000
---
Move: old head=(0,18) dir=1
Move: new head=(0,19)
Move: collision=0
Move: tail removed=(4,17)
GetGameInfo field_ state:
0000000000
0000000000
0000000000
0000000000
0000000000
0000000000
0000000000
0000000000
0000000000
0000000000
0000000000
0000000000
0000000000
0000000000
0000000000
0000000000
0000000000
1111000200
1000000000
1000000000
---
Move: old head=(0,19) dir=3
Move: new head=(1,19)
Move: collision=0
Move: tail removed=(3,17)
GetGameInfo field_ state:
0000000000
0000000000
0000000000
0000000000
0000000000
0000000000
0000000000
0000000000
0000000000
0000000000
0000000000
0000000000
0000000000
0000000000
0000000000
0000000000
0000000000
1110000200
1000000000
1100000000
---
Move: old head=(1,19) dir=3
Move: new head=(2,19)
Move: collision=0
Move: tail removed=(2,17)
GetGameInfo field_ state:
0000000000
0000000000
0000000000
0000000000
0000000000
0000000000
0000000000
0000000000
0000000000
0000000000
0000000000
0000000000
0000000000
0000000000
0000000000
0000000000
0000000000
1100000200
1000000000
1110000000
---
Move: old head=(2,19) dir=3
Move: new head=(3,19)
Move: collision=0
Move: tail removed=(1,17)
GetGameInfo field_ state:
0000000000
0000000000
0000000000
0000000000
0000000000
0000000000
0000000000
0000000000
0000000000
0000000000
0000000000
0000000000
0000000000
0000000000
0000000000
0000000000
0000000000
1000000200
1000000000
1111000000
---
Move: old head=(3,19) dir=3
Move: new head=(4,19)
Move: collision=0
Move: tail removed=(0,17)
GetGameInfo field_ state:
0000000000
0000000000
0000000000
0000000000
0000000000
0000000000
0000000000
0000000000
0000000000
0000000000
0000000000
0000000000
0000000000
0000000000
0000000000
0000000000
0000000000
0000000200
1000000000
1111100000
---
Move: old head=(4,19) dir=3
Move: new head=(5,19)
Move: collision=0
Move: tail removed=(0,18)
GetGameInfo field_ state:
0000000000
0000000000
0000000000
0000000000
0000000000
0000000000
0000000000
0000000000
0000000000
0000000000
0000000000
0000000000
0000000000
0000000000
0000000000
0000000000
0000000000
0000000200
0000000000
1111110000
---
Move: old head=(5,19) dir=3
Move: new head=(6,19)
Move: collision=0
Move: tail removed=(0,19)
GetGameInfo field_ state:
0000000000
0000000000
0000000000
0000000000
0000000000
0000000000
0000000000
0000000000
0000000000
0000000000
0000000000
0000000000
0000000000
0000000000
0000000000
0000000000
0000000000
0000000200
0000000000
0111111000
---
Move: old head=(6,19) dir=3
Move: new head=(7,19)
Move: collision=0
Move: tail removed=(1,19)
GetGameInfo field_ state:
0000000000
0000000000
0000000000
0000000000
0000000000
0000000000
0000000000
0000000000
0000000000
0000000000
0000000000
0000000000
0000000000
0000000000
0000000000
0000000000
0000000000
0000000200
0000000000
0011111100
---
Move: old head=(7,19) dir=0
Move: new head=(7,18)
Move: collision=0
Move: tail removed=(2,19)
GetGameInfo field_ state:
0000000000
0000000000
0000000000
0000000000
0000000000
0000000000
0000000000
0000000000
0000000000
0000000000
0000000000
0000000000
0000000000
0000000000
0000000000
0000000000
0000000000
0000000200
0000000100
0001111100
---
GetGameInfo field_ state:
0000000000
0000000000
0000000000
0000000000
0000000000
0000000000
0000000000
0000000000
0000000000
0000000000
0000000000
0000000000
0000020000
0000000000
0000000000
0000000000
0000000000
0000000100
0000000100
0001111100
---
Move: old head=(7,17) dir=0
Move: new head=(7,16)
Move: collision=0
Move: tail removed=(3,19)
GetGameInfo field_ state:
0000000000
0000000000
0000000000
0000000000
0000000000
0000000000
0000000000
0000000000
0000000000
0000000000
0000000000
0000000000
0000020000
0000000000
0000000000
0000000000
0000000100
0000000100
0000000100
0000111100
---
Move: old head=(7,16) dir=0
Move: new head=(7,15)
Move: collision=0
Move: tail removed=(4,19)
GetGameInfo field_ state:
0000000000
0000000000
0000000000
0000000000
0000000000
0000000000
0000000000
0000000000
0000000000
0000000000
0000000000
0000000000
0000020000
0000000000
0000000000
0000000100
0000000100
0000000100
0000000100
0000011100
---
Move: old head=(7,15) dir=0
Move: new head=(7,14)
Move: collision=0
Move: tail removed=(5,19)
GetGameInfo field_ state:
0000000000
0000000000
0000000000
0000000000
0000000000
0000000000
0000000000
0000000000
0000000000
0000000000
0000000000
0000000000
0000020000
0000000000
0000000100
0000000100
0000000100
0000000100
0000000100
0000001100
---
Move: old head=(7,14) dir=0
Move: new head=(7,13)
Move: collision=0
Move: tail removed=(6,19)
GetGameInfo field_ state:
0000000000
0000000000
0000000000
0000000000
0000000000
0000000000
0000000000
0000000000
0000000000
0000000000
0000000000
0000000000
0000020000
0000000100
0000000100
0000000100
0000000100
0000000100
0000000100
0000000100
---
Move: old head=(7,13) dir=0
Move: new head=(7,12)
Move: collision=0
Move: tail removed=(7,19)
GetGameInfo field_ state:
0000000000
0000000000
0000000000
0000000000
0000000000
0000000000
0000000000
0000000000
0000000000
0000000000
0000000000
0000000000
0000020100
0000000100
0000000100
0000000100
0000000100
0000000100
0000000100
0000000000
---
Move: old head=(7,12) dir=2
Move: new head=(6,12)
Move: collision=0
Move: tail removed=(7,18)
GetGameInfo field_ state:
0000000000
0000000000
0000000000
0000000000
0000000000
0000000000
0000000000
0000000000
0000000000
0000000000
0000000000
0000000000
0000021100
0000000100
0000000100
0000000100
0000000100
0000000100
0000000000
0000000000
---
GetGameInfo field_ state:
0000000000
0000000000
0000000000
0000000000
0000000000
0000000000
0000000000
0000000000
0000000020
0000000000
0000000000
0000000000
0000011100
0000000100
0000000100
0000000100
0000000100
0000000100
0000000000
0000000000
---
Move: old head=(5,12) dir=2
Move: new head=(4,12)
Move: collision=0
Move: tail removed=(7,17)
GetGameInfo field_ state:
0000000000
0000000000
0000000000
0000000000
0000000000
0000000000
0000000000
0000000000
0000000020
0000000000
0000000000
0000000000
0000111100
0000000100
0000000100
0000000100
0000000100
0000000000
0000000000
0000000000
---
Move: old head=(4,12) dir=0
Move: new head=(4,11)
Move: collision=0
Move: tail removed=(7,16)
GetGameInfo field_ state:
0000000000
0000000000
0000000000
0000000000
0000000000
0000000000
0000000000
0000000000
0000000020
0000000000
0000000000
0000100000
0000111100
0000000100
0000000100
0000000100
0000000000
0000000000
0000000000
0000000000
---
Move: old head=(4,11) dir=0
Move: new head=(4,10)
Move: collision=0
Move: tail removed=(7,15)
GetGameInfo field_ state:
0000000000
0000000000
0000000000
0000000000
0000000000
0000000000
0000000000
0000000000
0000000020
0000000000
0000100000
0000100000
0000111100
0000000100
0000000100
0000000000
0000000000
0000000000
0000000000
0000000000
---
Move: old head=(4,10) dir=3
Move: new head=(5,10)
Move: collision=0
Move: tail removed=(7,14)
GetGameInfo field_ state:
0000000000
0000000000
0000000000
0000000000
0000000000
0000000000
0000000000
0000000000
0000000020
0000000000
0000110000
0000100000
0000111100
0000000100
0000000000
0000000000
0000000000
0000000000
0000000000
0000000000
---
Move: old head=(5,10) dir=3
Move: new head=(6,10)
Move: collision=0
Move: tail removed=(7,13)
GetGameInfo field_ state:
0000000000
0000000000
0000000000
0000000000
0000000000
0000000000
0000000000
0000000000
0000000020
0000000000
0000111000
0000100000
0000111100
0000000000
0000000000
0000000000
0000000000
0000000000
0000000000
0000000000
---
Move: old head=(6,10) dir=3
Move: new head=(7,10)
Move: collision=0
Move: tail removed=(7,12)
GetGameInfo field_ state:
0000000000
0000000000
0000000000
0000000000
0000000000
0000000000
0000000000
0000000000
0000000020
0000000000
0000111100
0000100000
0000111000
0000000000
0000000000
0000000000
0000000000
0000000000
0000000000
0000000000
---
Move: old head=(7,10) dir=3
Move: new head=(8,10)
Move: collision=0
Move: tail removed=(6,12)
GetGameInfo field_ state:
0000000000
0000000000
0000000000
0000000000
0000000000
0000000000
0000000000
0000000000
0000000020
0000000000
0000111110
0000100000
0000110000
0000000000
0000000000
0000000000
0000000000
0000000000
0000000000
0000000000
---
Move: old head=(8,10) dir=0
Move: new head=(8,9)
Move: collision=0
Move: tail removed=(5,12)
GetGameInfo field_ state:
0000000000
0000000000
0000000000
0000000000
0000000000
0000000000
0000000000
0000000000
0000000020
0000000010
0000111110
0000100000
0000100000
0000000000
0000000000
0000000000
0000000000
0000000000
0000000000
0000000000
---
GetGameInfo field_ state:
0000000000
0000000000
0000000000
0020000000
0000000000
0000000000
0000000000
0000000000
0000000010
0000000010
0000111110
0000100000
0000100000
0000000000
0000000000
0000000000
0000000000
0000000000
0000000000
0000000000
---
Move: old head=(8,8) dir=0
Move: new head=(8,7)
Move: collision=0
Move: tail removed=(4,12)
GetGameInfo field_ state:
0000000000
0000000000
0000000000
0020000000
0000000000
0000000000
0000000000
0000000010
0000000010
0000000010
0000111110
0000100000
0000000000
0000000000
0000000000
0000000000
0000000000
0000000000
0000000000
0000000000
---
Move: old head=(8,7) dir=0
Move: new head=(8,6)
Move: collision=0
Move: tail removed=(4,11)
GetGameInfo field_ state:
0000000000
0000000000
0000000000
0020000000
0000000000
0000000000
0000000010
0000000010
0000000010
0000000010
0000111110
0000000000
0000000000
0000000000
0000000000
0000000000
0000000000
0000000000
0000000000
0000000000
---
Move: old head=(8,6) dir=0
Move: new head=(8,5)
Move: collision=0
Move: tail removed=(4,10)
GetGameInfo field_ state:
0000000000
0000000000
0000000000
0020000000
0000000000
0000000010
0000000010
0000000010
0000000010
0000000010
0000011110
0000000000
0000000000
0000000000
0000000000
0000000000
0000000000
0000000000
0000000000
0000000000
---
Move: old head=(8,5) dir=0
Move: new head=(8,4)
Move: collision=0
Move: tail removed=(5,10)
GetGameInfo field_ state:
0000000000
0000000000
0000000000
0020000000
0000000010
0000000010
0000000010
0000000010
0000000010
0000000010
0000001110
0000000000
0000000000
0000000000
0000000000
0000000000
0000000000
0000000000
0000000000
0000000000
---
Move: old head=(8,4) dir=0
Move: new head=(8,3)
Move: collision=0
Move: tail removed=(6,10)
GetGameInfo field_ state:
0000000000
0000000000
0000000000
0020000010
0000000010
0000000010
0000000010
0000000010
0000000010
0000000010
0000000110
0000000000
0000000000
0000000000
0000000000
0000000000
0000000000
0000000000
0000000000
0000000000
---
Move: old head=(8,3) dir=2
Move: new head=(7,3)
Move: collision=0
Move: tail removed=(7,10)
GetGameInfo field_ state:
0000000000
0000000000
0000000000
0020000110
0000000010
0000000010
0000000010
0000000010
0000000010
0000000010
0000000010
0000000000
0000000000
0000000000
0000000000
0000000000
0000000000
0000000000
0000000000
0000000000
---
Move: old head=(7,3) dir=2
Move: new head=(6,3)
Move: collision=0
Move: tail removed=(8,10)
GetGameInfo field_ state:
0000000000
0000000000
0000000000
0020001110
0000000010
0000000010
0000000010
0000000010
0000000010
0000000010
0000000000
0000000000
0000000000
0000000000
0000000000
0000000000
0000000000
0000000000
0000000000
0000000000
---
Move: old head=(6,3) dir=2
Move: new head=(5,3)
Move: collision=0
Move: tail removed=(8,9)
GetGameInfo field_ state:
0000000000
0000000000
0000000000
0020011110
0000000010
0000000010
0000000010
0000000010
0000000010
0000000000
0000000000
0000000000
0000000000
0000000000
0000000000
0000000000
0000000000
0000000000
0000000000
0000000000
---
Move: old head=(5,3) dir=2
Move: new head=(4,3)
Move: collision=0
Move: tail removed=(8,8)
GetGameInfo field_ state:
0000000000
0000000000
0000000000
0020111110
0000000010
0000000010
0000000010
0000000010
0000000000
0000000000
0000000000
0000000000
0000000000
0000000000
0000000000
0000000000
0000000000
0000000000
0000000000
0000000000
---
Move: old head=(4,3) dir=2
Move: new head=(3,3)
Move: collision=0
Move: tail removed=(8,7)
GetGameInfo field_ state:
0000000000
0000000000
0000000000
0021111110
0000000010
0000000010
0000000010
0000000000
0000000000
0000000000
0000000000
0000000000
0000000000
0000000000
0000000000
0000000000
0000000000
0000000000
0000000000
0000000000
---
GetGameInfo field_ state:
0020000000
0000000000
0000000000
0011111110
0000000010
0000000010
0000000010
0000000000
0000000000
0000000000
0000000000
0000000000
0000000000
0000000000
0000000000
0000000000
0000000000
0000000000
0000000000
0000000000
---
Move: old head=(2,3) dir=1
Move: new head=(2,4)
Move: collision=0
Move: tail removed=(8,6)
GetGameInfo field_ state:
0020000000
0000000000
0000000000
0011111110
0010000010
0000000010
0000000000
0000000000
0000000000
0000000000
0000000000
0000000000
0000000000
0000000000
0000000000
0000000000
0000000000
0000000000
0000000000
0000000000
---
Move: old head=(2,4) dir=1
Move: new head=(2,5)
Move: collision=0
Move: tail removed=(8,5)
GetGameInfo field_ state:
0020000000
0000000000
0000000000
0011111110
0010000010
0010000000
0000000000
0000000000
0000000000
0000000000
0000000000
0000000000
0000000000
0000000000
0000000000
0000000000
0000000000
0000000000
0000000000
0000000000
---
Move: old head=(2,5) dir=2
Move: new head=(1,5)
Move: collision=0
Move: tail removed=(8,4)
GetGameInfo field_ state:
0020000000
0000000000
0000000000
0011111110
0010000000
0110000000
0000000000
0000000000
0000000000
0000000000
0000000000
0000000000
0000000000
0000000000
0000000000
0000000000
0000000000
0000000000
0000000000
0000000000
---
Move: old head=(1,5) dir=0
Move: new head=(1,4)
Move: collision=0
Move: tail removed=(8,3)
GetGameInfo field_ state:
0020000000
0000000000
0000000000
0011111100
0110000000
0110000000
0000000000
0000000000
0000000000
0000000000
0000000000
0000000000
0000000000
0000000000
0000000000
0000000000
0000000000
0000000000
0000000000
0000000000
---
Move: old head=(1,4) dir=0
Move: new head=(1,3)
Move: collision=0
Move: tail removed=(7,3)
GetGameInfo field_ state:
0020000000
0000000000
0000000000
0111111000
0110000000
0110000000
0000000000
0000000000
0000000000
0000000000
0000000000
0000000000
0000000000
0000000000
0000000000
0000000000
0000000000
0000000000
0000000000
0000000000
---
Move: old head=(1,3) dir=0
Move: new head=(1,2)
Move: collision=0
Move: tail removed=(6,3)
GetGameInfo field_ state:
0020000000
0000000000
0100000000
0111110000
0110000000
0110000000
0000000000
0000000000
0000000000
0000000000
0000000000
0000000000
0000000000
0000000000
0000000000
0000000000
0000000000
0000000000
0000000000
0000000000
---
Move: old head=(1,2) dir=0
Move: new head=(1,1)
Move: collision=0
Move: tail removed=(5,3)
GetGameInfo field_ state:
0020000000
0100000000
0100000000
0111100000
0110000000
0110000000
0000000000
0000000000
0000000000
0000000000
0000000000
0000000000
0000000000
0000000000
0000000000
0000000000
0000000000
0000000000
0000000000
0000000000
---
Move: old head=(1,1) dir=0
Move: new head=(1,0)
Move: collision=0
Move: tail removed=(4,3)
GetGameInfo field_ state:
0120000000
0100000000
0100000000
0111000000
0110000000
0110000000
0000000000
0000000000
0000000000
0000000000
0000000000
0000000000
0000000000
0000000000
0000000000
0000000000
0000000000
0000000000
0000000000
0000000000
---
GetGameInfo field_ state:
0110000000
0100000000
0100000000
0111000000
0110020000
0110000000
0000000000
0000000000
0000000000
0000000000
0000000000
0000000000
0000000000
0000000000
0000000000
0000000000
0000000000
0000000000
0000000000
0000000000
---
Move: old head=(2,0) dir=3
Move: new head=(3,0)
Move: collision=0
Move: tail removed=(3,3)
GetGameInfo field_ state:
0111000000
0100000000
0100000000
0110000000
0110020000
0110000000
0000000000
0000000000
0000000000
0000000000
0000000000
0000000000
0000000000
0000000000
0000000000
0000000000
0000000000
0000000000
0000000000
0000000000
---
Move: old head=(3,0) dir=3
Move: new head=(4,0)
Move: collision=0
Move: tail removed=(2,3)
GetGameInfo field_ state:
0111100000
0100000000
0100000000
0100000000
0110020000
0110000000
0000000000
0000000000
0000000000
0000000000
0000000000
0000000000
0000000000
0000000000
0000000000
0000000000
0000000000
0000000000
0000000000
0000000000
---
Move: old head=(4,0) dir=3
Move: new head=(5,0)
Move: collision=0
Move: tail removed=(2,4)
GetGameInfo field_ state:
0111110000
0100000000
0100000000
0100000000
0100020000
0110000000
0000000000
0000000000
0000000000
0000000000
0000000000
0000000000
0000000000
0000000000
0000000000
0000000000
0000000000
0000000000
0000000000
0000000000
---
Move: old head=(5,0) dir=1
Move: new head=(5,1)
Move: collision=0
Move: tail removed=(2,5)
GetGameInfo field_ state:
0111110000
0100010000
0100000000
0100000000
0100020000
0100000000
0000000000
0000000000
0000000000
0000000000
0000000000
0000000000
0000000000
0000000000
0000000000
0000000000
0000000000
0000000000
0000000000
0000000000
---
Move: old head=(5,1) dir=1
Move: new head=(5,2)
Move: collision=0
Move: tail removed=(1,5)
GetGameInfo field_ state:
0111110000
0100010000
0100010000
0100000000
0100020000
0000000000
0000000000
0000000000
0000000000
0000000000
0000000000
0000000000
0000000000
0000000000
0000000000
0000000000
0000000000
0000000000
0000000000
0000000000
---
Move: old head=(5,2) dir=1
Move: new head=(5,3)
Move: collision=0
Move: tail removed=(1,4)
GetGameInfo field_ state:
0111110000
0100010000
0100010000
0100010000
0000020000
0000000000
0000000000
0000000000
0000000000
0000000000
0000000000
0000000000
0000000000
0000000000
0000000000
0000000000
0000000000
0000000000
0000000000
0000000000
---
GetGameInfo field_ state:
0111110200
0100010000
0100010000
0100010000
0000010000
0000000000
0000000000
0000000000
0000000000
0000000000
0000000000
0000000000
0000000000
0000000000
0000000000
0000000000
0000000000
0000000000
0000000000
0000000000
---
Move: old head=(5,4) dir=1
Move: new head=(5,5)
Move: collision=0
Move: tail removed=(1,3)
GetGameInfo field_ state:
0111110200
0100010000
0100010000
0000010000
0000010000
0000010000
0000000000
0000000000
0000000000
0000000000
0000000000
0000000000
0000000000
0000000000
0000000000
0000000000
0000000000
0000000000
0000000000
0000000000
---
Move: old head=(5,5) dir=3
Move: new head=(6,5)
Move: collision=0
Move: tail removed=(1,2)
GetGameInfo field_ state:
0111110200
0100010000
0000010000
0000010000
0000010000
0000011000
0000000000
0000000000
0000000000
0000000000
0000000000
0000000000
0000000000
0000000000
0000000000
0000000000
0000000000
0000000000
0000000000
0000000000
---
Move: old head=(6,5) dir=3
Move: new head=(7,5)
Move: collision=0
Move: tail removed=(1,1)
GetGameInfo field_ state:
0111110200
0000010000
0000010000
0000010000
0000010000
0000011100
0000000000
0000000000
0000000000
0000000000
0000000000
0000000000
0000000000
0000000000
0000000000
0000000000
0000000000
0000000000
0000000000
0000000000
---
Move: old head=(7,5) dir=0
Move: new head=(7,4)
Move: collision=0
Move: tail removed=(1,0)
GetGameInfo field_ state:
0011110200
0000010000
0000010000
0000010000
0000010100
0000011100
0000000000
0000000000
0000000000
0000000000
0000000000
0000000000
0000000000
0000000000
0000000000
0000000000
0000000000
0000000000
0000000000
0000000000
---
Move: old head=(7,4) dir=0
Move: new head=(7,3)
Move: collision=0
Move: tail removed=(2,0)
GetGameInfo field_ state:
0001110200
0000010000
0000010000
0000010100
0000010100
0000011100
0000000000
0000000000
0000000000
0000000000
0000000000
0000000000
0000000000
0000000000
0000000000
0000000000
0000000000
0000000000
0000000000
0000000000
---
Move: old head=(7,3) dir=0
Move: new head=(7,2)
Move: collision=0
Move: tail removed=(3,0)
GetGameInfo field_ state:
0000110200
0000010000
0000010100
0000010100
0000010100
0000011100
0000000000
0000000000
0000000000
0000000000
0000000000
0000000000
0000000000
0000000000
0000000000
0000000000
0000000000
0000000000
0000000000
0000000000
---
Move: old head=(7,2) dir=0
Move: new head=(7,1)
Move: collision=0
Move: tail removed=(4,0)
GetGameInfo field_ state:
0000010200
0000010100
0000010100
0000010100
0000010100
0000011100
0000000000
0000000000
0000000000
0000000000
0000000000
0000000000
0000000000
0000000000
0000000000
0000000000
0000000000
0000000000
0000000000
0000000000
---
Move: old head=(7,1) dir=3
Move: new head=(8,1)
Move: collision=0
Move: tail removed=(5,0)
GetGameInfo field_ state:
0000000200
0000010110
0000010100
0000010100
0000010100
0000011100
0000000000
0000000000
0000000000
0000000000
0000000000
0000000000
0000000000
0000000000
0000000000
0000000000
0000000000
0000000000
0000000000
0000000000
---
Move: old head=(8,1) dir=3
Move: new head=(9,1)
Move: collision=0
Move: tail removed=(5,1)
GetGameInfo field_ state:
0000000200
0000000111
0000010100
0000010100
0000010100
0000011100
0000000000
0000000000
0000000000
0000000000
0000000000
0000000000
0000000000
0000000000
0000000000
0000000000
0000000000
0000000000
0000000000
0000000000
---
Move: old head=(9,1) dir=1
Move: new head=(9,2)
Move: collision=0
Move: tail removed=(5,2)
GetGameInfo field_ state:
0000000200
0000000111
0000000101
0000010100
0000010100
0000011100
0000000000
0000000000
0000000000
0000000000
0000000000
0000000000
0000000000
0000000000
0000000000
0000000000
0000000000
0000000000
0000000000
0000000000
---
Move: old head=(9,2) dir=1
Move: new head=(9,3)
Move: collision=0
Move: tail removed=(5,3)
GetGameInfo field_ state:
0000000200
0000000111
0000000101
0000000101
0000010100
0000011100
0000000000
0000000000
0000000000
0000000000
0000000000
0000000000
0000000000
0000000000
0000000000
0000000000
0000000000
0000000000
0000000000
0000000000
---
Move: old head=(9,3) dir=1
Move: new head=(9,4)
Move: collision=0
Move: tail removed=(5,4)
GetGameInfo field_ state:
0000000200
0000000111
0000000101
0000000101
0000000101
0000011100
0000000000
0000000000
0000000000
0000000000
0000000000
0000000000
0000000000
0000000000
0000000000
0000000000
0000000000
0000000000
0000000000
0000000000
---
Move: old head=(9,4) dir=1
Move: new head=(9,5)
Move: collision=0
Move: tail removed=(5,5)
GetGameInfo field_ state:
0000000200
0000000111
0000000101
0000000101
0000000101
0000001101
0000000000
0000000000
0000000000
0000000000
0000000000
0000000000
0000000000
0000000000
0000000000
0000000000
0000000000
0000000000
0000000000
0000000000
---
Move: old head=(9,5) dir=1
Move: new head=(9,6)
Move: collision=0
Move: tail removed=(6,5)
GetGameInfo field_ state:
0000000200
0000000111
0000000101
0000000101
0000000101
0000000101
0000000001
0000000000
0000000000
0000000000
0000000000
0000000000
0000000000
0000000000
0000000000
0000000000
0000000000
0000000000
0000000000
0000000000
---
Move: old head=(9,6) dir=2
Move: new head=(8,6)
Move: collision=0
Move: tail removed=(7,5)
GetGameInfo field_ state:
0000000200
0000000111
0000000101
0000000101
0000000101
0000000001
0000000011
0000000000
0000000000
0000000000
0000000000
0000000000
0000000000
0000000000
0000000000
0000000000
0000000000
0000000000
0000000000
0000000000
---
Move: old head=(8,6) dir=2
Move: new head=(7,6)
Move: collision=0
Move: tail removed=(7,4)
GetGameInfo field_ state:
0000000200
0000000111
0000000101
0000000101
0000000001
0000000001
0000000111
0000000000
0000000000
0000000000
0000000000
0000000000
0000000000
0000000000
0000000000
0000000000
0000000000
0000000000
0000000000
0000000000
---
Move: old head=(7,6) dir=2
Move: new head=(6,6)
Move: collision=0
Move: tail removed=(7,3)
GetGameInfo field_ state:
0000000200
0000000111
0000000101
0000000001
0000000001
0000000001
0000001111
0000000000
0000000000
0000000000
0000000000
0000000000
0000000000
0000000000
0000000000
0000000000
0000000000
0000000000
0000000000
0000000000
---
Move: old head=(6,6) dir=0
Move: new head=(6,5)
Move: collision=0
Move: tail removed=(7,2)
GetGameInfo field_ state:
0000000200
0000000111
0000000001
0000000001
0000000001
0000001001
0000001111
0000000000
0000000000
0000000000
0000000000
0000000000
0000000000
0000000000
0000000000
0000000000
0000000000
0000000000
0000000000
0000000000
---
Move: old head=(6,5) dir=0
Move: new head=(6,4)
Move: collision=0
Move: tail removed=(7,1)
GetGameInfo field_ state:
0000000200
0000000011
0000000001
0000000001
0000001001
0000001001
0000001111
0000000000
0000000000
0000000000
0000000000
0000000000
0000000000
0000000000
0000000000
0000000000
0000000000
0000000000
0000000000
0000000000
---
Move: old head=(6,4) dir=0
Move: new head=(6,3)
Move: collision=0
Move: tail removed=(8,1)
GetGameInfo field_ state:
0000000200
0000000001
0000000001
0000001001
0000001001
0000001001
0000001111
0000000000
0000000000
0000000000
0000000000
0000000000
0000000000
0000000000
0000000000
0000000000
0000000000
0000000000
0000000000
0000000000
---
Move: old head=(6,3) dir=0
Move: new head=(6,2)
Move: collision=0
Move: tail removed=(9,1)
GetGameInfo field_ state:
0000000200
0000000000
0000001001
0000001001
0000001001
0000001001
0000001111
0000000000
0000000000
0000000000
0000000000
0000000000
0000000000
0000000000
0000000000
0000000000
0000000000
0000000000
0000000000
0000000000
---
Move: old head=(6,2) dir=0
Move: new head=(6,1)
Move: collision=0
Move: tail removed=(9,2)
GetGameInfo field_ state:
0000000200
0000001000
0000001000
0000001001
0000001001
0000001001
0000001111
0000000000
0000000000
0000000000
0000000000
0000000000
0000000000
0000000000
0000000000
0000000000
0000000000
0000000000
0000000000
0000000000
---
Move: old head=(6,1) dir=0
Move: new head=(6,0)
Move: collision=0
Move: tail removed=(9,3)
GetGameInfo field_ state:
0000001200
0000001000
0000001000
0000001000
0000001001
0000001001
0000001111
0000000000
0000000000
0000000000
0000000000
0000000000
0000000000
0000000000
0000000000
0000000000
0000000000
0000000000
0000000000
0000000000
---
GetGameInfo field_ state:
0000001100
0002001000
0000001000
0000001000
0000001001
0000001001
0000001111
0000000000
0000000000
0000000000
0000000000
0000000000
0000000000
0000000000
0000000000
0000000000
0000000000
0000000000
0000000000
0000000000
---
Move: old head=(7,0) dir=3
Move: new head=(8,0)
Move: collision=0
Move: tail removed=(9,4)
GetGameInfo field_ state:
0000001110
0002001000
0000001000
0000001000
0000001000
0000001001
0000001111
0000000000
0000000000
0000000000
0000000000
0000000000
0000000000
0000000000
0000000000
0000000000
0000000000
0000000000
0000000000
0000000000
---
Move: old head=(8,0) dir=1
Move: new head=(8,1)
Move: collision=0
Move: tail removed=(9,5)
GetGameInfo field_ state:
0000001110
0002001010
0000001000
0000001000
0000001000
0000001000
0000001111
0000000000
0000000000
0000000000
0000000000
0000000000
0000000000
0000000000
0000000000
0000000000
0000000000
0000000000
0000000000
0000000000
---
Move: old head=(8,1) dir=1
Move: new head=(8,2)
Move: collision=0
Move: tail removed=(9,6)
GetGameInfo field_ state:
0000001110
0002001010
0000001010
0000001000
0000001000
0000001000
0000001110
0000000000
0000000000
0000000000
0000000000
0000000000
0000000000
0000000000
0000000000
0000000000
0000000000
0000000000
0000000000
0000000000
---
Move: old head=(8,2) dir=1
Move: new head=(8,3)
Move: collision=0
Move: tail removed=(8,6)
GetGameInfo field_ state:
0000001110
0002001010
0000001010
0000001010
0000001000
0000001000
0000001100
0000000000
0000000000
0000000000
0000000000
0000000000
0000000000
0000000000
0000000000
0000000000
0000000000
0000000000
0000000000
0000000000
---
Move: old head=(8,3) dir=1
Move: new head=(8,4)
Move: collision=0
Move: tail removed=(7,6)
GetGameInfo field_ state:
0000001110
0002001010
0000001010
0000001010
0000001010
0000001000
0000001000
0000000000
0000000000
0000000000
0000000000
0000000000
0000000000
0000000000
0000000000
0000000000
0000000000
0000000000
0000000000
0000000000
---
Move: old head=(8,4) dir=1
Move: new head=(8,5)
Move: collision=0
Move: tail removed=(6,6)
GetGameInfo field_ state:
0000001110
0002001010
0000001010
0000001010
0000001010
0000001010
0000000000
0000000000
0000000000
0000000000
0000000000
0000000000
0000000000
0000000000
0000000000
0000000000
0000000000
0000000000
0000000000
0000000000
---
Move: old head=(8,5) dir=1
Move: new head=(8,6)
Move: collision=0
Move: tail removed=(6,5)
GetGameInfo field_ state:
0000001110
0002001010
0000001010
0000001010
0000001010
0000000010
0000000010
0000000000
0000000000
0000000000
0000000000
0000000000
0000000000
0000000000
0000000000
0000000000
0000000000
0000000000
0000000000
0000000000
---
Move: old head=(8,6) dir=2
Move: new head=(7,6)
Move: collision=0
Move: tail removed=(6,4)
GetGameInfo field_ state:
0000001110
0002001010
0000001010
0000001010
0000000010
0000000010
0000000110
0000000000
0000000000
0000000000
0000000000
0000000000
0000000000
0000000000
0000000000
0000000000
0000000000
0000000000
0000000000
0000000000
---
Move: old head=(7,6) dir=2
Move: new head=(6,6)
Move: collision=0
Move: tail removed=(6,3)
GetGameInfo field_ state:
0000001110
0002001010
0000001010
0000000010
0000000010
0000000010
0000001110
0000000000
0000000000
0000000000
0000000000
0000000000
0000000000
0000000000
0000000000
0000000000
0000000000
0000000000
0000000000
0000000000
---
Move: old head=(6,6) dir=2
Move: new head=(5,6)
Move: collision=0
Move: tail removed=(6,2)
GetGameInfo field_ state:
0000001110
0002001010
0000000010
0000000010
0000000010
0000000010
0000011110
0000000000
0000000000
0000000000
0000000000
0000000000
0000000000
0000000000
0000000000
0000000000
0000000000
0000000000
0000000000
0000000000
---
Move: old head=(5,6) dir=2
Move: new head=(4,6)
Move: collision=0
Move: tail removed=(6,1)
GetGameInfo field_ state:
0000001110
0002000010
0000000010
0000000010
0000000010
0000000010
0000111110
0000000000
0000000000
0000000000
0000000000
0000000000
0000000000
0000000000
0000000000
0000000000
0000000000
0000000000
0000000000
0000000000
---
Move: old head=(4,6) dir=2
Move: new head=(3,6)
Move: collision=0
Move: tail removed=(6,0)
GetGameInfo field_ state:
0000000110
0002000010
0000000010
0000000010
0000000010
0000000010
0001111110
0000000000
0000000000
0000000000
0000000000
0000000000
0000000000
0000000000
0000000000
0000000000
0000000000
0000000000
0000000000
0000000000
---
Move: old head=(3,6) dir=0
Move: new head=(3,5)
Move: collision=0
Move: tail removed=(7,0)
GetGameInfo field_ state:
0000000010
0002000010
0000000010
0000000010
0000000010
0001000010
0001111110
0000000000
0000000000
0000000000
0000000000
0000000000
0000000000
0000000000
0000000000
0000000000
0000000000
0000000000
0000000000
0000000000
---
Move: old head=(3,5) dir=0
Move: new head=(3,4)
Move: collision=0
Move: tail removed=(8,0)
GetGameInfo field_ state:
0000000000
0002000010
0000000010
0000000010
0001000010
0001000010
0001111110
0000000000
0000000000
0000000000
0000000000
0000000000
0000000000
0000000000
0000000000
0000000000
0000000000
0000000000
0000000000
0000000000
---
Move: old head=(3,4) dir=0
Move: new head=(3,3)
Move: collision=0
Move: tail removed=(8,1)
GetGameInfo field_ state:
0000000000
0002000000
0000000010
0001000010
0001000010
0001000010
0001111110
0000000000
0000000000
0000000000
0000000000
0000000000
0000000000
0000000000
0000000000
0000000000
0000000000
0000000000
0000000000
0000000000
---
Move: old head=(3,3) dir=0
Move: new head=(3,2)
Move: collision=0
Move: tail removed=(8,2)
GetGameInfo field_ state:
0000000000
0002000000
0001000000
0001000010
0001000010
0001000010
0001111110
0000000000
0000000000
0000000000
0000000000
0000000000
0000000000
0000000000
0000000000
0000000000
0000000000
0000000000
0000000000
0000000000
---
GetGameInfo field_ state:
0000000000
0001000000
0001000000
0001000010
0001000010
0001000010
0001111110
0000000000
0000000000
0000000000
0000000000
0000000000
0000000000
0000000000
0200000000
0000000000
0000000000
0000000000
0000000000
0000000000
---
Move: old head=(3,1) dir=2
Move: new head=(2,1)
Move: collision=0
Move: tail removed=(8,3)
GetGameInfo field_ state:
0000000000
0011000000
0001000000
0001000000
0001000010
0001000010
0001111110
0000000000
0000000000
0000000000
0000000000
0000000000
0000000000
0000000000
0200000000
0000000000
0000000000
0000000000
0000000000
0000000000
---
Move: old head=(2,1) dir=2
Move: new head=(1,1)
Move: collision=0
Move: tail removed=(8,4)
GetGameInfo field_ state:
0000000000
0111000000
0001000000
0001000000
0001000000
0001000010
0001111110
0000000000
0000000000
0000000000
0000000000
0000000000
0000000000
0000000000
0200000000
0000000000
0000000000
0000000000
0000000000
0000000000
---
Move: old head=(1,1) dir=2
Move: new head=(0,1)
Move: collision=0
Move: tail removed=(8,5)
GetGameInfo field_ state:
0000000000
1111000000
0001000000
0001000000
0001000000
0001000000
0001111110
0000000000
0000000000
0000000000
0000000000
0000000000
0000000000
0000000000
0200000000
0000000000
0000000000
0000000000
0000000000
0000000000
---
Move: old head=(0,1) dir=2
Move: new head=(-1,1)
Move: collision=1
Move: GAME OVER!
GetGameInfo field_ state:
0000000000
1111000000
0001000000
0001000000
0001000000
0001000000
0001111110
0000000000
0000000000
0000000000
0000000000
0000000000
0000000000
0000000000
0200000000
0000000000
0000000000
0000000000
0000000000
0000000000
---
GetGameInfo field_ state:
0000000000
1111000000
0001000000
0001000000
0001000000
0001000000
0001111110
0000000000
0000000000
0000000000
0000000000
0000000000
0000000000
0000000000
0200000000
0000000000
0000000000
0000000000
0000000000
0000000000
---
GetGameInfo field_ state:
0000000000
1111000000
0001000000
0001000000
0001000000
0001000000
0001111110
0000000000
0000000000
0000000000
0000000000
0000000000
0000000000
0000000000
0200000000
0000000000
0000000000
0000000000
0000000000
0000000000
---
GetGameInfo field_ state:
0000000000
1111000000
0001000000
0001000000
0001000000
0001000000
0001111110
0000000000
0000000000
0000000000
0000000000
0000000000
0000000000
0000000000
0200000000
0000000000
0000000000
0000000000
0000000000
0000000000
---
GetGameInfo field_ state:
0000000000
1111000000
0001000000
0001000000
0001000000
0001000000
0001111110
0000000000
0000000000
0000000000
0000000000
0000000000
0000000000
0000000000
0200000000
0000000000
0000000000
0000000000
0000000000
0000000000
---
GetGameInfo field_ state:
0000000000
1111000000
0001000000
0001000000
0001000000
0001000000
0001111110
0000000000
0000000000
0000000000
0000000000
0000000000
0000000000
0000000000
0200000000
0000000000
0000000000
0000000000
0000000000
0000000000
---
GetGameInfo field_ state:
0000000000
1111000000
0001000000
0001000000
0001000000
0001000000
0001111110
0000000000
0000000000
0000000000
0000000000
0000000000
0000000000
0000000000
0200000000
0000000000
0000000000
0000000000
0000000000
0000000000
---
GetGameInfo field_ state:
0000000000
1111000000
0001000000
0001000000
0001000000
0001000000
0001111110
0000000000
0000000000
0000000000
0000000000
0000000000
0000000000
0000000000
0200000000
0000000000
0000000000
0000000000
0000000000
0000000000
---
Move: old head=(6,10) dir=3
Move: new head=(7,10)
Move: collision=0
Move: tail removed=(3,10)
GetGameInfo field_ state:
0000000000
0000000000
0000000000
0000000000
0000000000
0000000000
0000000000
0000000000
0000000000
0000000000
0000111100
0000000000
0000000000
0000000000
0000000000
0000000000
0000000000
0000000000
0000000000
0200000000
---
Move: old head=(7,10) dir=3
Move: new head=(8,10)
Move: collision=0
Move: tail removed=(4,10)
GetGameInfo field_ state:
0000000000
0000000000
0000000000
0000000000
0000000000
0000000000
0000000000
0000000000
0000000000
0000000000
0000011110
0000000000
0000000000
0000000000
0000000000
0000000000
0000000000
0000000000
0000000000
0200000000
---
Move: old head=(8,10) dir=3
Move: new head=(9,10)
Move: collision=0
Move: tail removed=(5,10)
GetGameInfo field_ state:
0000000000
0000000000
0000000000
0000000000
0000000000
0000000000
0000000000
0000000000
0000000000
0000000000
0000001111
0000000000
0000000000
0000000000
0000000000
0000000000
0000000000
0000000000
0000000000
0200000000
---
Move: old head=(9,10) dir=3
Move: new head=(10,10)
Move: collision=1
Move: GAME OVER!
GetGameInfo field_ state:
0000000000
0000000000
0000000000
0000000000
0000000000
0000000000
0000000000
0000000000
0000000000
0000000000
0000001111
0000000000
0000000000
0000000000
0000000000
0000000000
0000000000
0000000000
0000000000
0200000000
---
GetGameInfo field_ state:
0000000000
0000000000
0000000000
0000000000
0000000000
0000000000
0000000000
0000000000
0000000000
0000000000
0000001111
0000000000
0000000000
0000000000
0000000000
0000000000
0000000000
0000000000
0000000000
0200000000
---
Move: old head=(6,10) dir=3
Move: new head=(7,10)
Move: collision=0
Move: tail removed=(3,10)
GetGameInfo field_ state:
2000000000
0000000000
0000000000
0000000000
0000000000
0000000000
0000000000
0000000000
0000000000
0000000000
0000111100
0000000000
0000000000
0000000000
0000000000
0000000000
0000000000
0000000000
0000000000
0000000000
---
Move: old head=(7,10) dir=3
Move: new head=(8,10)
Move: collision=0
Move: tail removed=(4,10)
GetGameInfo field_ state:
2000000000
0000000000
0000000000
0000000000
0000000000
0000000000
0000000000
0000000000
0000000000
0000000000
0000011110
0000000000
0000000000
0000000000
0000000000
0000000000
0000000000
0000000000
0000000000
0000000000
---
Move: old head=(8,10) dir=0
Move: new head=(8,9)
Move: collision=0
Move: tail removed=(5,10)
GetGameInfo field_ state:
2000000000
0000000000
0000000000
0000000000
0000000000
0000000000
0000000000
0000000000
0000000000
0000000010
0000001110
0000000000
0000000000
0000000000
0000000000
0000000000
0000000000
0000000000
0000000000
0000000000
---
Move: old head=(8,9) dir=0
Move: new head=(8,8)
Move: collision=0
Move: tail removed=(6,10)
GetGameInfo field_ state:
2000000000
0000000000
0000000000
0000000000
0000000000
0000000000
0000000000
0000000000
0000000010
0000000010
0000000110
0000000000
0000000000
0000000000
0000000000
0000000000
0000000000
0000000000
0000000000
0000000000
---
Move: old head=(8,8) dir=2
Move: new head=(7,8)
Move: collision=0
Move: tail removed=(7,10)
GetGameInfo field_ state:
2000000000
0000000000
0000000000
0000000000
0000000000
0000000000
0000000000
0000000000
0000000110
0000000010
0000000010
0000000000
0000000000
0000000000
0000000000
0000000000
0000000000
0000000000
0000000000
0000000000
---
Move: old head=(7,8) dir=2
Move: new head=(6,8)
Move: collision=0
Move: tail removed=(8,10)
GetGameInfo field_ state:
2000000000
0000000000
0000000000
0000000000
0000000000
0000000000
0000000000
0000000000
0000001110
0000000010
0000000000
0000000000
0000000000
0000000000
0000000000
0000000000
0000000000
0000000000
0000000000
0000000000
---
Move: old head=(6,8) dir=1
Move: new head=(6,9)
Move: collision=0
Move: tail removed=(8,9)
GetGameInfo field_ state:
2000000000
0000000000
0000000000
0000000000
0000000000
0000000000
0000000000
0000000000
0000001110
0000001000
0000000000
0000000000
0000000000
0000000000
0000000000
0000000000
0000000000
0000000000
0000000000
0000000000
---
Move: old head=(6,9) dir=1
Move: new head=(6,10)
Move: collision=0
Move: tail removed=(8,8)
GetGameInfo field_ state:
2000000000
0000000000
0000000000
0000000000
0000000000
0000000000
0000000000
0000000000
0000001100
0000001000
0000001000
0000000000
0000000000
0000000000
0000000000
0000000000
0000000000
0000000000
0000000000
0000000000
---
Move: old head=(6,10) dir=1
Move: new head=(6,11)
Move: collision=0
Move: tail removed=(7,8)
GetGameInfo field_ state:
2000000000
0000000000
0000000000
0000000000
0000000000
0000000000
0000000000
0000000000
0000001000
0000001000
0000001000
0000001000
0000000000
0000000000
0000000000
0000000000
0000000000
0000000000
0000000000
0000000000
---
